201509291516 ncycles=3 1999111918 
201509291523 ncycles=3 1999111918 
201509291530 ncycles=3 1999111918 
201509291544 ncycles=3 1999111918 
201509291640 ncycles=3 1999111918 
201509292008 ncycles=3 1999111918 
201509292040 ncycles=3 1999111918 
201509292101 ncycles=3 1999111918 
201509300530 ncycles=3 1999111918 
201509300540 ncycles=3 1999111918 
201509300715 ncycles=3 1999111918 
201509300753 ncycles=3 1999111918 
201509300825 ncycles=3 1999111918 
201509300926 ncycles=3 1999111918 
201509300937 ncycles=3 1999111918 
201509300951 ncycles=3 1999111918 
201509301007 ncycles=3 1999111918 
201509301018 ncycles=3 1999111918 
201509301025 ncycles=3 1999111918 
201509301042 ncycles=3 1999111918 
201509301054 ncycles=3 1999111918 
201509301121 ncycles=3 1999111918 
201509301446 ncycles=3 1999111918 
201509301548 ncycles=3 1999111918 
201509301651 ncycles=3 1999111918 
201509301840 ncycles=3 1999111918 
201509301906 ncycles=3 1999111918 
201509301949 ncycles=3 1999111918 
201509302012 ncycles=3 1999111918 
201509302108 ncycles=3 1999111918 
201510010538 ncycles=3 1999111918 
201510010812 ncycles=3 1999111918 
201510010822 ncycles=3 1999111918 
201510010856 ncycles=3 1999111918 
201510010919 ncycles=3 1999111918 
201510010936 ncycles=3 1999111918 
201510010944 ncycles=3 1999111918 
201510010958 ncycles=3 1999113018 
201510011011 ncycles=3 1999111918 
201510011018 ncycles=3 1999111918 
201510011041 ncycles=3 1999111918 
201510011143 ncycles=3 1999111918 
201510011208 ncycles=3 1999111918 
201510011235 ncycles=3 1999111918 
201510011348 ncycles=4 1999112000 
201510011500 ncycles=4 1999112100 
201510011648 ncycles=4 1999112200 
201510011816 ncycles=4 1999112300 
201510011954 ncycles=4 1999112400 
201510012111 ncycles=4 1999112500 
201510012203 ncycles=4 1999112600 
201510012256 ncycles=4 1999112700 
201510020018 ncycles=4 1999112800 
201510020058 ncycles=4 1999112900 
201510020131 ncycles=4 1999113000 
201510020207 ncycles=4 1999120100 
201510020242 ncycles=4 1999120200 
201510020316 ncycles=4 1999120300 
201510020426 ncycles=4 1999120400 
201510020500 ncycles=4 1999120500 
201510020535 ncycles=4 1999120600 
201510020610 ncycles=4 1999120700 
201510020643 ncycles=4 1999120800 
201510020717 ncycles=4 1999120900 
201510020758 ncycles=4 1999121000 
201510020842 ncycles=4 1999121100 
201510020916 ncycles=4 1999121200 
201510021001 ncycles=4 1999121300 
201510021035 ncycles=4 1999121400 
201510021136 ncycles=4 1999121500 
201510021224 ncycles=4 1999121600 
201510021257 ncycles=4 1999121700 
201510021438 ncycles=4 1999121800 
201510021521 ncycles=4 1999121900 
201510021602 ncycles=4 1999122000 
201510021644 ncycles=4 1999122100 
201510021817 ncycles=4 1999122200 
201510021852 ncycles=4 1999122300 
201510022016 ncycles=4 1999122400 
201510022049 ncycles=4 1999122500 
201510022126 ncycles=4 1999122600 
201510022208 ncycles=4 1999122700 
201510022241 ncycles=4 1999122800 
201510022315 ncycles=4 1999122900 
201510022348 ncycles=4 1999123000 
201510030026 ncycles=4 1999123100 
201510030111 ncycles=4 2000010100 
201510030147 ncycles=4 2000010200 
201510030220 ncycles=4 2000010300 
201510030334 ncycles=4 2000010400 
201510030409 ncycles=4 2000010500 
201510030443 ncycles=4 2000010600 
201510030518 ncycles=4 2000010700 
201510030606 ncycles=4 2000010800 
201510030641 ncycles=4 2000010900 
201510030720 ncycles=4 2000011000 
201510030935 ncycles=4 1944123118 
201510031013 ncycles=4 1944123118 
201510031106 ncycles=4 1944123118 
201510031700 ncycles=4 1944123118 
201510031855 ncycles=4 1944123118 
201510032008 ncycles=4 1944123118 
201510032048 ncycles=4 1945010100 
201510032132 ncycles=4 1945010200 
201510032221 ncycles=4 1945010300 
201510032301 ncycles=4 1945010400 
201510032343 ncycles=4 1945010500 
201510040026 ncycles=4 1945010600 
201510040106 ncycles=4 1945010700 
201510040144 ncycles=4 1945010800 
201510040221 ncycles=4 1945010900 
201510040305 ncycles=4 1945011000 
201510040342 ncycles=4 1945011100 
201510040421 ncycles=4 1945011200 
201510040503 ncycles=4 1945011300 
201510040540 ncycles=4 1945011400 
201510040618 ncycles=4 1945011500 
201510040653 ncycles=4 1945011600 
201510040732 ncycles=4 1945011700 
201510040810 ncycles=4 1945011800 
201510040848 ncycles=4 1945011900 
201510040933 ncycles=4 1945012000 
201510041011 ncycles=4 1945012100 
201510041053 ncycles=4 1945012200 
201510041137 ncycles=4 1945012300 
201510041214 ncycles=4 1945012400 
201510041250 ncycles=4 1945012500 
201510041330 ncycles=4 1945012600 
201510041408 ncycles=4 1945012700 
201510041447 ncycles=4 1945012800 
201510041524 ncycles=4 1945012900 
201510041600 ncycles=4 1945013000 
201510041636 ncycles=4 1945013100 
201510041720 ncycles=4 1945020100 
201510041758 ncycles=4 1945020200 
201510041834 ncycles=4 1945020300 
201510041912 ncycles=4 1945020400 
201510041950 ncycles=4 1945020500 
201510042034 ncycles=4 1945020600 
201510042111 ncycles=4 1945020700 
201510042146 ncycles=4 1945020800 
201510042313 ncycles=4 1945020900 
201510050800 ncycles=4 1945020900 
201510051344 ncycles=4 1945020900 
201510051404 ncycles=4 1945020900 
201510060903 ncycles=4 1945020918 
201510061035 ncycles=4 1945021018 
201510061221 ncycles=4 1945021118 
201510061352 ncycles=4 1945021218 
201510061521 ncycles=4 1945021318 
201510071344 ncycles=4 1945021412 
201510071804 ncycles=4 1945021500 
201510072233 ncycles=4 1945021600 
201510072349 ncycles=4 1945021700 
201510080600 ncycles=4 1945021800 
201510081019 ncycles=4 1945021806 
201510081140 ncycles=4 1945021906 
201510081618 ncycles=4 1945022000 
201510090755 ncycles=4 1945022006 
201510090945 ncycles=4 1945022106 
201510091114 ncycles=4 1945022206 
201510091251 ncycles=4 1945022306 
201510211137 ncycles=4 1945022306 
201510211421 ncycles=4 1945022406 
201510230114 ncycles=4 1945022500 
201510230238 ncycles=4 1945022600 
201510230517 ncycles=4 1945022700 
201510230656 ncycles=4 1945022800 
201510231125 ncycles=4 1945030100 
201510231259 ncycles=4 1945030200 
201510231631 ncycles=4 1945030300 
201510231829 ncycles=4 1945030400 
201510232018 ncycles=4 1945030500 
201510232259 ncycles=4 1945030600 
201510240041 ncycles=4 1945030700 
201510240227 ncycles=4 1945030800 
201510240412 ncycles=4 1945030900 
201510240558 ncycles=4 1945031000 
201510240933 ncycles=4 1945031100 
201510241102 ncycles=4 1945031200 
201510241235 ncycles=4 1945031300 
201510241522 ncycles=4 1945031400 
201510241648 ncycles=4 1945031500 
201510241817 ncycles=4 1945031600 
201510250002 ncycles=4 1945031700 
201510250129 ncycles=4 1945031800 
201510250256 ncycles=4 1945031900 
201510250646 ncycles=4 1945032000 
201510250812 ncycles=4 1945032100 
201510251831 ncycles=4 1945032200 
201510252147 ncycles=4 1945032300 
201510252343 ncycles=4 1945032400 
201510260132 ncycles=4 1945032500 
201510260258 ncycles=4 1945032600 
201510260454 ncycles=4 1945032700 
201510260627 ncycles=4 1945032800 
201510261020 ncycles=4 1945032900 
201510261220 ncycles=4 1945033000 
201510261400 ncycles=4 1945033100 
201510261551 ncycles=4 1945040100 
201510261830 ncycles=4 1945040200 
201510262112 ncycles=4 1945040300 
201510262252 ncycles=4 1945040400 
201510270119 ncycles=4 1945040500 
201510271259 ncycles=4 1945040506 
201510271540 ncycles=4 1945040606 
