5768617 LF 201707081759 ncycles=1 1915081006 RunTime=00:09:52 80 65 4 32 8 2 3
5769094 LF 201707081945 ncycles=1 1915081012 RunTime=00:09:35 80 65 4 32 8 2 3
5769475 LF 201707082107 ncycles=1 1915081018 RunTime=00:10:13 80 65 4 32 8 2 3
5769507 LF 201707082117 ncycles=1 1915081100 RunTime=00:09:19 80 65 4 32 8 2 3
5769574 LF 201707082137 ncycles=1 1915081106 RunTime=00:09:55 80 65 4 32 8 2 3
5769576 LF 201707082332 ncycles=12 1915081406 RunTime=01:53:58 80 65 4 32 8 2 3
5769577 LF 201707090127 ncycles=12 1915081706 RunTime=01:54:41 80 65 4 32 8 2 3
5769578 LF 201707090324 ncycles=12 1915082006 RunTime=01:55:32 80 65 4 32 8 2 3
5769580 LF 201707090518 ncycles=12 1915082306 RunTime=01:53:26 80 65 4 32 8 2 3
5769582 LF 201707090714 ncycles=12 1915082606 RunTime=01:54:32 80 65 4 32 8 2 3
5769585 LF 201707090922 ncycles=12 1915082906 RunTime=01:56:27 80 65 4 32 8 2 3
5769589 LF 201707091122 ncycles=12 1915090106 RunTime=01:59:06 80 65 4 32 8 2 3
5769591 LF 201707091317 ncycles=12 1915090406 RunTime=01:53:40 80 65 4 32 8 2 3
5769592 LF 201707091515 ncycles=12 1915090706 RunTime=01:56:55 80 65 4 32 8 2 3
5780981 LF 201707091552 ncycles=1 1915090106 RunTime=00:09:27 80 65 4 32 8 1 2
5782074 LF 201707091620 ncycles=1 1915090112 RunTime=00:09:29 80 65 4 32 8 1 2
5783291 LF 201707091658 ncycles=1 1915090118 RunTime=00:09:16 80 65 4 32 8 1 2
5783709 LF 201707091714 ncycles=1 1915090200 RunTime=00:09:18 80 65 4 32 8 1 2
5784185 LF 201707091733 ncycles=1 1915090206 RunTime=00:09:17 80 65 4 32 8 1 2
5785238 LF 201707091815 ncycles=1 1915090306 RunTime=00:08:50 80 65 4 32 8 1 2
5785415 LF 201707091841 ncycles=1 1915090312 RunTime=00:08:49 80 65 4 32 8 1 2
5785735 LF 201707091939 ncycles=1 1915090318 RunTime=00:09:02 80 65 4 32 8 1 2
5785838 LF 201707091949 ncycles=1 1915090400 RunTime=00:08:57 80 65 4 32 8 1 2
5785950 LF 201707092031 ncycles=1 1915090406 RunTime=00:09:28 80 65 4 32 8 1 2
5786177 LF 201707092042 ncycles=1 1915090412 RunTime=00:09:32 80 65 4 32 8 1 2
5786207 LF 201707092052 ncycles=1 1915090418 RunTime=00:09:38 80 65 4 32 8 2 3
5786443 LF 201707092201 ncycles=1 1915090500 RunTime=00:10:02 80 65 4 32 8 2 3
5786446 LF 201707092354 ncycles=12 1915090800 RunTime=01:50:14 80 65 4 32 8 1 2
5786449 LF 201707100158 ncycles=12 1915091100 RunTime=01:59:21 80 65 4 32 8 1 2
5786450 LF 201707100401 ncycles=12 1915091400 RunTime=02:02:55 80 65 4 32 8 1 2
5786451 LF 201707100601 ncycles=12 1915091700 RunTime=01:59:07 80 65 4 32 8 1 2
5786452 LF 201707100802 ncycles=12 1915092000 RunTime=01:59:19 80 65 4 32 8 1 2
5786453 LF 201707101020 ncycles=12 1915092300 RunTime=02:17:08 80 65 4 32 8 1 2
5786454 LF 201707101312 ncycles=12 1915092600 RunTime=02:03:44 80 65 4 32 8 1 2
5794840 LF 201707101501 ncycles=1 1915092812 RunTime=00:11:37 80 65 4 32 8 2 3
5794841 LF 201707101711 ncycles=12 1915100112 RunTime=02:09:30 80 65 4 32 8 2 3
5794842 LF 201707101917 ncycles=12 1915100412 RunTime=02:05:00 80 65 4 32 8 2 3
5794843 LF 201707102124 ncycles=12 1915100712 RunTime=02:06:22 80 65 4 32 8 2 3
5794844 LF 201707102332 ncycles=12 1915101012 RunTime=02:06:08 80 65 4 32 8 2 3
5870268 LF 201707141830 ncycles=1 1915101018 RunTime=00:08:00 80 65 4 32 8 2 3
5870326 LF 201707141839 ncycles=1 1915101100 RunTime=00:08:22 80 65 4 32 8 2 3
5870520 LF 201707141915 ncycles=1 1915101106 RunTime=00:08:49 80 65 4 32 8 2 3
5870572 LF 201707141935 ncycles=2 1915101118 RunTime=00:17:13 80 65 4 32 8 2 3
5871021 LF 201707142106 ncycles=2 1915101206 RunTime=00:24:44 80 65 4 32 8 2 3
5871023 LF 201707150000 ncycles=12 1915101506 RunTime=02:52:43 80 65 4 32 8 2 3
5871024 LF 201707150219 ncycles=12 1915101806 RunTime=02:16:02 80 65 4 32 8 2 3
5871028 LF 201707150415 ncycles=12 1915102106 RunTime=01:54:34 80 65 4 32 8 2 3
5871030 LF 201707150555 ncycles=12 1915102406 RunTime=01:39:32 80 65 4 32 8 2 3
5871032 LF 201707150739 ncycles=12 1915102706 RunTime=01:38:25 80 65 4 32 8 2 3
5877416 LF 201707151633 ncycles=2 1915102800 RunTime=00:17:50 80 65 4 32 8 2 3
5877419 LF 201707151816 ncycles=12 1915103100 RunTime=01:41:23 80 65 4 32 8 2 3
5877422 LF 201707151956 ncycles=12 1915110300 RunTime=01:39:43 80 65 4 32 8 2 3
5879569 LF 201707152042 ncycles=2 1915110312 RunTime=00:18:10 80 64 4 32 8 2 3
5879570 LF 201707152223 ncycles=12 1915110612 RunTime=01:39:33 80 64 4 32 8 2 3
5879573 LF 201707160005 ncycles=12 1915110912 RunTime=01:41:14 80 64 4 32 8 2 3
5879576 LF 201707160201 ncycles=12 1915111212 RunTime=01:53:34 80 64 4 32 8 2 3
5879580 LF 201707160343 ncycles=12 1915111512 RunTime=01:41:11 80 64 4 32 8 2 3
5879582 LF 201707160539 ncycles=12 1915111812 RunTime=01:55:39 80 64 4 32 8 2 3
5954388 LF 201707191210 ncycles=2 1915111900 RunTime=00:18:04 80 64 4 32 8 2 3
5954389 LF 201707191517 ncycles=8 1915112100 RunTime=01:54:00 80 64 4 32 8 2 3
5954391 LF 201707191709 ncycles=8 1915112300 RunTime=01:23:34 80 64 4 32 8 2 3
5954395 LF 201707191849 ncycles=8 1915112500 RunTime=01:39:11 80 64 4 32 8 2 3
5959784 LF 201707192025 ncycles=2 1915112612 RunTime=00:29:46 80 64 4 32 8 2 3
5959787 LF 201707192257 ncycles=8 1915112812 RunTime=02:04:58 80 64 4 32 8 2 3
5959804 LF 201707200006 ncycles=8 1915113012 RunTime=01:06:47 80 64 4 32 8 2 3
5959813 LF 201707200121 ncycles=8 1915120212 RunTime=01:14:15 80 64 4 32 8 2 3
5959819 LF 201707200253 ncycles=8 1915120412 RunTime=01:14:56 80 64 4 32 8 2 3
5959826 LF 201707200414 ncycles=8 1915120612 RunTime=01:19:55 80 64 4 32 8 2 3
6021333 LF 201707251417 ncycles=2 1915120700 RunTime=00:17:16 80 64 4 32 8 2 3
6053915 LF 201707271946 ncycles=2 1915120712 RunTime=00:17:35 80 64 4 32 8 2 3
6054217 LF 201707272032 ncycles=2 1915120800 RunTime=00:17:51 80 64 4 32 8 2 3
6055093 LF 201707272140 ncycles=2 1915120812 RunTime=00:18:02 80 64 4 32 8 2 3
6061116 LF 201707280754 ncycles=2 1915120900 RunTime=00:17:03 80 64 4 32 8 2 3
6087332 LF 201707291604 ncycles=2 1915120912 RunTime=00:18:19 80 64 4 32 8 2 3
