This file contains any messages produced by compilers while
running configure, to aid debugging if configure makes a mistake.

It was created by nceplibs w3emc configure v2.2.0, which was
generated by GNU Autoconf 2.63.  Invocation command line was

  $ ./configure --prefix=/project/projectdirs/incite11/whitaker/gaea.20150928/nwprod/lib/sorc/w3emc_v2.2.0/sorc FC=ftn FCFLAGS=-O2 -g -traceback -fixed

## --------- ##
## Platform. ##
## --------- ##

hostname = edison04
uname -m = x86_64
uname -r = 3.0.101-0.46-default
uname -s = Linux
uname -v = #1 SMP Wed Dec 17 11:04:10 UTC 2014 (8356111)

/usr/bin/uname -p = unknown
/bin/uname -X     = unknown

/bin/arch              = x86_64
/usr/bin/arch -k       = unknown
/usr/convex/getsysinfo = unknown
/usr/bin/hostinfo      = unknown
/bin/machine           = unknown
/usr/bin/oslevel       = unknown
/bin/universe          = unknown

PATH: /opt/cray/fftw/3.3.4.2/sandybridge/bin
PATH: /opt/cray/hdf5/1.8.13/bin
PATH: /opt/cray/netcdf/4.3.2/bin
PATH: /usr/common/usg/python/matplotlib/1.4.3/bin
PATH: /usr/common/usg/python/numpy/1.9.2/bin
PATH: /usr/common/usg/python/2.7.9/bin
PATH: /usr/common/usg/darshan/2.3.0/bin
PATH: /usr/common/usg/altd/2.0/bin
PATH: /usr/common/usg/bin
PATH: /usr/common/mss/bin
PATH: /usr/common/nsg/bin
PATH: /opt/moab/8.0.1/bin
PATH: /opt/moab/8.0.1/sbin
PATH: /opt/torque/5.0.1/sbin
PATH: /opt/torque/5.0.1/bin
PATH: /opt/cray/mpt/7.0.4/gni/bin
PATH: /opt/cray/rca/1.0.0-2.0502.57212.2.56.ari/bin
PATH: /opt/cray/alps/5.2.3-2.0502.9295.14.14.ari/sbin
PATH: /opt/cray/alps/5.2.3-2.0502.9295.14.14.ari/bin
PATH: /opt/cray/dvs/2.5_0.9.0-1.0502.1958.2.55.ari/bin
PATH: /opt/cray/xpmem/0.1-2.0502.57015.1.15.ari/bin
PATH: /opt/cray/pmi/5.0.6-1.0000.10439.140.2.ari/bin
PATH: /opt/cray/ugni/6.0-1.0502.10245.9.9.ari/bin
PATH: /opt/cray/udreg/2.3.2-1.0502.9889.2.20.ari/bin
PATH: /opt/intel/composer_xe_2013_sp1.2.144/bin/intel64
PATH: /opt/intel/composer_xe_2013_sp1.2.144/mpirt/bin/intel64
PATH: /opt/cray/craype/2.3.1/bin
PATH: /opt/cray/switch/1.0-1.0502.57058.1.58.ari/bin
PATH: /opt/cray/eslogin/eswrap/1.1.0-1.020200.1130.0/bin
PATH: /usr/syscom/nsg/sbin
PATH: /usr/syscom/nsg/bin
PATH: /opt/modules/3.2.10.3/bin
PATH: /global/homes/w/whitaker/bin
PATH: /usr/bin
PATH: /bin
PATH: /usr/sbin
PATH: /sbin
PATH: /usr/local/bin
PATH: /usr/bin/X11
PATH: /usr/X11R6/bin
PATH: /usr/games
PATH: /usr/lib/mit/bin
PATH: /usr/lib/mit/sbin
PATH: /usr/lib/qt3/bin
PATH: /opt/cray/bin


## ----------- ##
## Core tests. ##
## ----------- ##

configure:1752: nceplibs w3emc v2.2.0
configure:1872: checking for Fortran compiler version
configure:1880: ftn --version >&5
ifort (IFORT) 14.0.2 20140120
Copyright (C) 1985-2014 Intel Corporation.  All rights reserved.

configure:1884: $? = 0
configure:1891: ftn -v >&5
ifort: warning #10315: specifying -lm before files may supersede the Intel(R) math library and affect performance
ifort: warning #10315: specifying -lm before files may supersede the Intel(R) math library and affect performance
ifort: warning #10315: specifying -lm before files may supersede the Intel(R) math library and affect performance
ifort: warning #10315: specifying -lm before files may supersede the Intel(R) math library and affect performance
ifort: warning #10315: specifying -lm before files may supersede the Intel(R) math library and affect performance
ifort: warning #10315: specifying -lm before files may supersede the Intel(R) math library and affect performance
ifort: warning #10315: specifying -lm before files may supersede the Intel(R) math library and affect performance
ifort: warning #10315: specifying -lm before files may supersede the Intel(R) math library and affect performance
ifort: warning #10315: specifying -lm before files may supersede the Intel(R) math library and affect performance
ifort: warning #10315: specifying -lm before files may supersede the Intel(R) math library and affect performance
ifort: warning #10315: specifying -lm before files may supersede the Intel(R) math library and affect performance
ifort: warning #10315: specifying -lm before files may supersede the Intel(R) math library and affect performance
ifort: warning #10315: specifying -lm before files may supersede the Intel(R) math library and affect performance
ifort: warning #10315: specifying -lm before files may supersede the Intel(R) math library and affect performance
ifort: warning #10315: specifying -lm before files may supersede the Intel(R) math library and affect performance
ifort: warning #10315: specifying -lm before files may supersede the Intel(R) math library and affect performance
ifort version 14.0.2
ld    /usr/lib64/gcc/x86_64-suse-linux/4.3/../../../../lib64/crt1.o /usr/lib64/gcc/x86_64-suse-linux/4.3/../../../../lib64/crti.o /usr/lib64/gcc/x86_64-suse-linux/4.3/crtbeginT.o --build-id -static -L/opt/cray/hdf5/1.8.13/INTEL/140/lib -L/opt/cray/netcdf/4.3.2/INTEL/140/lib -L/opt/cray/dmapp/default/lib64 -L/opt/cray/mpt/7.0.4/gni/mpich2-intel/140/lib -L/opt/cray/dmapp/default/lib64 -L/opt/cray/mpt/7.0.4/gni/mpich2-intel/140/lib -L/opt/cray/dmapp/default/lib64 -L/opt/cray/mpt/7.0.4/gni/mpich2-intel/140/lib -L/opt/cray/fftw/3.3.4.2/sandybridge/lib -L/opt/cray/mpt/7.0.4/gni/sma/lib64 -L/opt/cray/libsci/13.0.3/INTEL/140/x86_64/lib -L/usr/common/usg/darshan/2.3.0/lib -L/opt/cray/rca/1.0.0-2.0502.57212.2.56.ari/lib64 -L/opt/cray/alps/5.2.3-2.0502.9295.14.14.ari/lib64 -L/opt/cray/xpmem/0.1-2.0502.57015.1.15.ari/lib64 -L/opt/cray/dmapp/7.0.1-1.0502.10246.8.47.ari/lib64 -L/opt/cray/pmi/5.0.6-1.0000.10439.140.2.ari/lib64 -L/opt/cray/ugni/6.0-1.0502.10245.9.9.ari/lib64 -L/opt/cray/udreg/2.3.2-1.0502.9889.2.20.ari/lib64 -L/opt/cray/atp/1.8.2/libApp -L/usr/local/lib -L/opt/cray/wlm_detect/1.0-1.0502.57063.1.1.ari/lib64 -o a.out /opt/intel/composer_xe_2013_sp1.2.144/compiler/lib/intel64/for_main.o -L/opt/intel/composer_xe_2013_sp1.2.144/compiler/lib/intel64 -L/opt/intel/composer_xe_2013_sp1.2.144/compiler/lib/intel64 -L/usr/lib64/gcc/x86_64-suse-linux/4.3/ -L/usr/lib64/gcc/x86_64-suse-linux/4.3/../../../../lib64 -L/usr/lib64/gcc/x86_64-suse-linux/4.3/../../../../lib64/ -L/lib/../lib64 -L/lib/../lib64/ -L/usr/lib/../lib64 -L/usr/lib/../lib64/ -L/opt/intel/composer_xe_2013_sp1.2.144/compiler/lib/intel64/ -L/usr/lib64/gcc/x86_64-suse-linux/4.3/../../../../x86_64-suse-linux/lib/ -L/usr/lib64/gcc/x86_64-suse-linux/4.3/../../../ -L/lib64 -L/lib/ -L/usr/lib64 -L/usr/lib -lfftw3f_mpi -L/opt/intel/composer_xe_2013_sp1.2.144/compiler/lib/intel64 -limf -lm -lfftw3f_threads -L/opt/intel/composer_xe_2013_sp1.2.144/compiler/lib/intel64 -limf -lm -lfftw3f -L/opt/intel/composer_xe_2013_sp1.2.144/compiler/lib/intel64 -limf -lm -lfftw3_mpi -L/opt/intel/composer_xe_2013_sp1.2.144/compiler/lib/intel64 -limf -lm -lfftw3_threads -L/opt/intel/composer_xe_2013_sp1.2.144/compiler/lib/intel64 -limf -lm -lfftw3 -L/opt/intel/composer_xe_2013_sp1.2.144/compiler/lib/intel64 -limf -lm -u MPI_Init -u MPI_Wtime -u __wrap_H5Fcreate -u __wrap_ncmpi_create -wrap write -wrap open -wrap creat -wrap creat64 -wrap open64 -wrap close -wrap read -wrap lseek -wrap lseek64 -wrap pread -wrap pwrite -wrap readv -wrap writev -wrap __xstat -wrap __lxstat -wrap __fxstat -wrap __xstat64 -wrap __lxstat64 -wrap __fxstat64 -wrap mmap -wrap mmap64 -wrap fopen -wrap fclose -wrap fread -wrap fwrite -wrap fseek -wrap fopen64 -wrap pread64 -wrap pwrite64 -wrap fsync -wrap fdatasync -wrap ncmpi_create -wrap ncmpi_open -wrap ncmpi_close -wrap H5Fcreate -wrap H5Fopen -wrap H5Fclose -wrap aio_write -wrap aio_write64 -wrap aio_read -wrap aio_read64 -wrap lio_listio -wrap lio_listio64 -wrap aio_return -wrap aio_return64 -lfmpich -lmpichcxx --start-group -ldarshan-mpi-io -ldarshan-posix -ldarshan-stubs --end-group -lz -lsma -lpmi -ldmapp -lpthread -lAtpSigHandler -lAtpSigHCommData --undefined=_ATP_Data_Globals --undefined=__atpHandlerInstall -lpthread -lmpichf90_intel -lrt -lugni -lpmi -L/opt/intel/composer_xe_2013_sp1.2.144/compiler/lib/intel64 -limf -lm -lpthread -ldl -lhdf5hl_fortran -lz -lrt -L/opt/intel/composer_xe_2013_sp1.2.144/compiler/lib/intel64 -limf -lm -lpthread -ldl -lhdf5_fortran -lz -lrt -L/opt/intel/composer_xe_2013_sp1.2.144/compiler/lib/intel64 -limf -lm -lpthread -ldl -lnetcdff -L/opt/intel/composer_xe_2013_sp1.2.144/compiler/lib/intel64 -limf -lm -lpthread -ldl -lnetcdf -L/opt/intel/composer_xe_2013_sp1.2.144/compiler/lib/intel64 -limf -lm -ldl -lhdf5_hl -lz -lrt -ldl -L/opt/intel/composer_xe_2013_sp1.2.144/compiler/lib/intel64 -limf -lm -lhdf5 -lz -lrt -ldl -L/opt/intel/composer_xe_2013_sp1.2.144/compiler/lib/intel64 -limf -lm -lsci_intel_mpi -lsci_intel -L/opt/intel/composer_xe_2013_sp1.2.144/compiler/lib/intel64 -limf -lm -ldl -lmpich_intel -lrt -lugni -lpthread -lpmi -L/opt/intel/composer_xe_2013_sp1.2.144/compiler/lib/intel64 -limf -lm -ldl -lxpmem -ludreg -lmpl -lpmi -lpthread -lalpslli -lpthread -lwlm_detect -lugni -lpthread -lalpsutil -lpthread -lrca -lsci_intel -L/opt/intel/composer_xe_2013_sp1.2.144/compiler/lib/intel64 -limf -lm -ldl --as-needed -limf --no-as-needed --as-needed -lm --no-as-needed --as-needed -lpthread --no-as-needed -lifport -lifcore -limf -lsvml -lm -lipgo -lirc -lpthread -lsvml -lc -lgcc -lgcc_eh -lirc_s -ldl -lc /usr/lib64/gcc/x86_64-suse-linux/4.3/crtend.o /usr/lib64/gcc/x86_64-suse-linux/4.3/../../../../lib64/crtn.o
/opt/intel/composer_xe_2013_sp1.2.144/compiler/lib/intel64/for_main.o: In function `main':
/export/users/nbtester/efi2linux_nightly/branch-14_0/20140121_010000/libdev/frtl/src/libfor/for_main.c:(.text+0x42): undefined reference to `MAIN__'
configure:1895: $? = 1
configure:1902: ftn -V >&5
Intel(R) Fortran Intel(R) 64 Compiler XE for applications running on Intel(R) 64, Version 14.0.2.144 Build 20140120
Copyright (C) 1985-2014 Intel Corporation.  All rights reserved.

configure:1906: $? = 0
configure:1920: checking for Fortran compiler default output file name
configure:1942: ftn -O2 -g -traceback -fixed   conftest.f  >&5
configure:1946: $? = 0
configure:1984: result: a.out
configure:2003: checking whether the Fortran compiler works
configure:2013: ./a.out
configure:2017: $? = 0
configure:2036: result: yes
configure:2043: checking whether we are cross compiling
configure:2045: result: no
configure:2048: checking for suffix of executables
configure:2055: ftn -o conftest -O2 -g -traceback -fixed   conftest.f  >&5
configure:2059: $? = 0
configure:2085: result: 
configure:2091: checking for suffix of object files
configure:2107: ftn -c -O2 -g -traceback -fixed  conftest.f >&5
configure:2111: $? = 0
configure:2136: result: o
configure:2144: checking whether we are using the GNU Fortran compiler
configure:2163: ftn -c -O2 -g -traceback -fixed  conftest.F >&5
conftest.F(3): error #5082: Syntax error, found END-OF-STATEMENT when expecting one of: ( % [ : . = =>
       choke me
---------------^
conftest.F(3): error #6218: This statement is positioned incorrectly and/or has syntax errors.
       choke me
---------------^
compilation aborted for conftest.F (code 1)
configure:2170: $? = 1
configure: failed program was:
|       program main
| #ifndef __GNUC__
|        choke me
| #endif
| 
|       end
configure:2187: result: no
configure:2193: checking whether ftn accepts -g
configure:2210: ftn -c -g  conftest.f >&5
configure:2217: $? = 0
configure:2233: result: yes
configure:2302: checking for a BSD-compatible install
configure:2370: result: /usr/bin/install -c
configure:2424: checking for ranlib
configure:2440: found /usr/bin/ranlib
configure:2451: result: ranlib
configure:2516: checking for ar
configure:2532: found /usr/bin/ar
configure:2543: result: ar
configure:2581: checking for Fortran flag to compile .f files
configure:2603: ftn -c -O2 -g -traceback -fixed  conftest.f >&5
configure:2610: $? = 0
configure:2629: result: none
configure:2666: Building precision 4 version.
configure:2695: WARNING: Precision promotion flags for ftn unknown and not set
configure:2710: Using SIGIO_INC4 value: "/global/project/projectdirs/incite11/whitaker/gaea.20150928/nwprod/lib/incmod/sigio_4/"
configure:2712: Using SIGIO_LIB4 value: "/global/project/projectdirs/incite11/whitaker/gaea.20150928/nwprod/lib/libsigio_4.a"
configure:2717: checking for library containing sigio_head definition
configure:2728: ftn -o conftest -O2 -g -traceback -fixed -I/global/project/projectdirs/incite11/whitaker/gaea.20150928/nwprod/lib/incmod/sigio_4/   conftest.f  /global/project/projectdirs/incite11/whitaker/gaea.20150928/nwprod/lib/libsigio_4.a >&5
configure:2735: $? = 0
configure:2743: result: yes
configure:2900: creating ./config.status

## ---------------------- ##
## Running config.status. ##
## ---------------------- ##

This file was extended by nceplibs w3emc config.status v2.2.0, which was
generated by GNU Autoconf 2.63.  Invocation command line was

  CONFIG_FILES    = 
  CONFIG_HEADERS  = 
  CONFIG_LINKS    = 
  CONFIG_COMMANDS = 
  $ ./config.status 

on edison04

config.status:651: creating Makefile
config.status:651: creating libsrc/Makefile

## ---------------- ##
## Cache variables. ##
## ---------------- ##

ac_cv_env_FCFLAGS_set=set
ac_cv_env_FCFLAGS_value='-O2 -g -traceback -fixed'
ac_cv_env_FC_set=set
ac_cv_env_FC_value=ftn
ac_cv_env_LDFLAGS_set=
ac_cv_env_LDFLAGS_value=
ac_cv_env_LIBS_set=
ac_cv_env_LIBS_value=
ac_cv_env_build_alias_set=
ac_cv_env_build_alias_value=
ac_cv_env_host_alias_set=
ac_cv_env_host_alias_value=
ac_cv_env_target_alias_set=
ac_cv_env_target_alias_value=
ac_cv_fc_compiler_gnu=no
ac_cv_fc_srcext_f=none
ac_cv_objext=o
ac_cv_path_install='/usr/bin/install -c'
ac_cv_prog_ac_ct_AR=ar
ac_cv_prog_ac_ct_RANLIB=ranlib
ac_cv_prog_fc_g=yes

## ----------------- ##
## Output variables. ##
## ----------------- ##

AR='ar'
ARFLAGS='crvs'
DEFS='-DPACKAGE_NAME=\"nceplibs\ w3emc\" -DPACKAGE_TARNAME=\"w3emc\" -DPACKAGE_VERSION=\"v2.2.0\" -DPACKAGE_STRING=\"nceplibs\ w3emc\ v2.2.0\" -DPACKAGE_BUGREPORT=\"ncep.list.emc.nceplibs.support@noaa.gov\"'
ECHO_C=''
ECHO_N='-n'
ECHO_T=''
EXEEXT=''
FC='ftn'
FCFLAGS='-O2 -g -traceback -fixed -I/global/project/projectdirs/incite11/whitaker/gaea.20150928/nwprod/lib/incmod/sigio_4/'
FCFLAGS_f=''
FPPFLAGS=''
INSTALL_DATA='${INSTALL} -m 644'
INSTALL_PROGRAM='${INSTALL}'
INSTALL_SCRIPT='${INSTALL}'
LDFLAGS=''
LIBOBJS=''
LIBS=' /global/project/projectdirs/incite11/whitaker/gaea.20150928/nwprod/lib/libsigio_4.a'
LTLIBOBJS=''
OBJEXT='o'
PACKAGE_BUGREPORT='ncep.list.emc.nceplibs.support@noaa.gov'
PACKAGE_NAME='nceplibs w3emc'
PACKAGE_STRING='nceplibs w3emc v2.2.0'
PACKAGE_TARNAME='w3emc'
PACKAGE_VERSION='v2.2.0'
PATH_SEPARATOR=':'
PRECISION='4'
RANLIB='ranlib'
SHELL='/bin/sh'
ac_ct_FC=''
bindir='${exec_prefix}/bin'
build_alias=''
datadir='${datarootdir}'
datarootdir='${prefix}/share'
docdir='${datarootdir}/doc/${PACKAGE_TARNAME}'
dvidir='${docdir}'
exec_prefix='${prefix}'
host_alias=''
htmldir='${docdir}'
includedir='${prefix}/include'
infodir='${datarootdir}/info'
libdir='${exec_prefix}/lib'
libexecdir='${exec_prefix}/libexec'
localedir='${datarootdir}/locale'
localstatedir='${prefix}/var'
mandir='${datarootdir}/man'
oldincludedir='/usr/include'
pdfdir='${docdir}'
prefix='/project/projectdirs/incite11/whitaker/gaea.20150928/nwprod/lib/sorc/w3emc_v2.2.0/sorc'
program_transform_name='s,x,x,'
psdir='${docdir}'
sbindir='${exec_prefix}/sbin'
sharedstatedir='${prefix}/com'
sysconfdir='${prefix}/etc'
target_alias=''

## ----------- ##
## confdefs.h. ##
## ----------- ##

#define PACKAGE_NAME "nceplibs w3emc"
#define PACKAGE_TARNAME "w3emc"
#define PACKAGE_VERSION "v2.2.0"
#define PACKAGE_STRING "nceplibs w3emc v2.2.0"
#define PACKAGE_BUGREPORT "ncep.list.emc.nceplibs.support@noaa.gov"

configure: exit 0
