1999110100  18.58  10.52  33.85  22.86
1999110106  18.59   9.88  31.70  21.73
1999110112  18.27  10.05  30.63  21.15
1999110118  19.06   9.34  29.68  20.81
1999110200  19.13   9.76  28.56  20.38
1999110206  19.56   9.00  27.62  19.97
1999110212  18.96   9.43  27.34  19.72
1999110218  19.28   9.08  28.16  20.14
1999110300  19.59   9.63  30.04  21.20
1999110306  19.35   8.53  31.61  21.70
1999110312  18.60   9.39  31.94  21.78
1999110318  19.16   8.82  32.86  22.30
1999110400  18.81   9.30  34.48  23.06
1999110406  18.98   8.60  35.85  23.68
1999110412  18.84   9.15  36.27  23.92
1999110418  19.22   8.98  36.82  24.27
1999110500  19.18   9.05  38.18  24.95
1999110506  20.18   9.10  38.79  25.49
1999110512  20.52   9.17  39.68  26.04
1999110518  20.86   9.15  39.76  26.17
1999110600  20.71   9.03  39.34  25.91
1999110606  20.96   9.83  37.45  25.14
1999110612  20.39   9.69  35.96  24.25
1999110618  19.96   8.85  34.78  23.45
1999110700  19.48   8.71  36.16  23.99
1999110706  19.75   8.89  37.77  24.87
1999110712  19.54   8.98  38.65  25.27
1999110718  19.60   9.21  38.35  25.16
1999110800  19.19   8.42  39.60  25.60
1999110806  19.74   8.56  40.42  26.17
1999110812  19.83   9.00  41.21  26.62
1999110818  20.22   9.62  39.87  26.13
1999110900  20.38   9.10  37.96  25.16
1999110906  20.89   9.75  38.14  25.47
1999110912  20.66   8.95  39.00  25.73
1999110918  20.69  10.14  39.11  25.95
1999111000  19.93   8.96  38.22  25.15
1999111006  19.57   9.12  36.69  24.33
1999111012  19.69   8.51  35.11  23.49
1999111018  19.63   9.20  35.09  23.56
1999111100  19.08   8.46  35.44  23.48
1999111106  18.25   8.30  35.84  23.46
1999111112  18.25   8.04  36.49  23.75
1999111118  18.69   8.38  36.61  23.95
1999111200  18.55   8.15  36.40  23.78
1999111206  19.35   7.75  35.46  23.48
1999111212  19.82   7.75  34.09  22.93
1999111218  20.07   7.90  33.16  22.57
1999111300  20.54   8.04  32.80  22.55
1999111306  20.90   8.01  31.88  22.22
1999111312  20.46   8.04  31.94  22.11
1999111318  21.25   8.33  31.85  22.35
1999111400  21.60   7.99  32.43  22.69
1999111406  22.03   7.92  30.41  21.89
1999111412  21.56   7.82  29.29  21.22
1999111418  20.85   7.53  28.75  20.72
1999111500  20.73   7.71  28.49  20.58
1999111506  20.50   7.76  27.02  19.87
1999111512  20.55   7.92  27.44  20.09
1999111518  20.82   7.60  29.29  20.98
1999111600  20.01   7.48  32.25  22.08
1999111606  18.78   7.50  34.24  22.71
1999111612  18.71   7.72  33.95  22.56
1999111618  19.38   8.03  31.82  21.76
1999111700  19.89   8.05  30.77  21.40
1999111706  20.86   7.77  30.89  21.72
1999111712  20.21   7.30  32.64  22.30
1999111718  19.73   7.47  34.01  22.85
1999111800  19.27   6.95  34.20  22.76
1999111806  19.15   6.88  34.55  22.90
1999111812  19.58   6.77  34.42  22.95
1999111818  20.35   6.86  34.68  23.30
1999111900  20.34   6.87  34.91  23.42
1999111906  19.46   6.75  34.77  23.09
1999111912  19.78   7.47  35.05  23.39
1999111918  20.21   8.31  35.25  23.71
1999112000  20.97   7.69  34.28  23.39
1999112006  19.95   7.32  33.46  22.64
1999112012  20.24   7.32  33.38  22.66
1999112018  19.61   8.03  33.39  22.56
1999112100  19.43   8.32  32.75  22.22
1999112106  19.06   8.67  32.69  22.13
1999112112  19.27   8.50  32.84  22.24
1999112118  19.00   9.10  33.93  22.79
1999112200  18.61   8.59  33.44  22.38
1999112206  18.13   9.03  33.98  22.58
1999112212  17.69   9.26  34.42  22.71
1999112218  18.10   9.83  33.11  22.26
1999112300  18.45  10.34  31.47  21.65
1999112306  18.96   9.91  31.65  21.82
1999112312  19.58   9.91  32.14  22.21
1999112318  19.85   9.55  33.39  22.84
1999112400  19.92  10.61  33.31  22.99
1999112406  19.56   9.73  34.19  23.17
1999112412  19.10   9.90  34.68  23.29
1999112418  18.75   9.59  33.66  22.67
1999112500  19.36   9.59  32.56  22.31
1999112506  19.78   9.43  32.69  22.47
1999112512  19.78   9.55  33.83  23.00
1999112518  19.45   9.26  34.65  23.29
1999112600  18.83   9.16  34.60  23.06
1999112606  18.35   9.22  34.32  22.82
1999112612  17.60   9.41  33.84  22.40
1999112618  17.68   9.77  33.37  22.26
1999112700  17.70   9.16  31.84  21.41
1999112706  17.88   8.35  31.80  21.34
1999112712  17.72   8.29  31.10  20.95
1999112718  18.26   8.58  31.37  21.27
1999112800  18.34   8.45  32.32  21.70
1999112806  17.82   9.25  32.87  21.96
1999112812  16.88   8.70  32.71  21.58
1999112818  16.95   9.28  33.36  22.02
1999112900  17.25   7.70  33.00  21.71
1999112906  17.54   8.20  32.61  21.66
1999112912  17.71   7.59  32.27  21.46
1999112918  18.37   8.20  32.54  21.85
1999113000  18.14   7.07  32.30  21.53
1999113006  18.92   7.91  33.44  22.41
1999113012  18.91   7.81  33.18  22.26
1999113018  18.22   7.89  33.19  22.10
1999120100  17.92   7.10  32.65  21.66
1999120106  18.16   7.49  34.59  22.73
1999120112  18.97   7.54  34.42  22.86
1999120118  19.04   7.78  34.93  23.16
1999120200  19.19   7.41  34.21  22.80
1999120206  19.82   7.76  33.46  22.65
1999120212  19.52   8.06  33.30  22.52
1999120218  19.96   8.66  32.73  22.44
1999120300  20.14   8.77  31.56  21.94
1999120306  20.18   9.65  31.81  22.19
1999120312  19.70   9.44  32.56  22.37
1999120318  19.82   9.77  33.03  22.68
1999120400  18.53   9.00  32.30  21.86
1999120406  18.06   9.77  32.11  21.76
1999120412  17.62   8.46  31.71  21.26
1999120418  18.53   8.38  32.18  21.73
1999120500  18.64   8.48  31.57  21.49
1999120506  18.70   8.93  33.42  22.44
1999120512  18.11   9.12  35.34  23.26
1999120518  19.21   9.20  39.39  25.57
1999120600  19.35   9.37  42.43  27.17
1999120606  19.79   9.67  42.39  27.28
1999120612  18.82   9.83  42.60  27.18
1999120618  19.63   9.94  42.79  27.47
1999120700  19.07   9.84  43.06  27.48
1999120706  20.81   9.85  43.05  27.87
1999120712  21.15  10.44  42.42  27.71
1999120718  21.68  10.68  41.81  27.58
1999120800  22.14  10.27  40.47  26.99
1999120806  22.16   9.77  40.15  26.77
1999120812  21.18  10.20  38.57  25.80
1999120818  20.77   9.99  38.80  25.78
1999120900  21.17   9.96  38.67  25.83
1999120906  21.56   9.15  40.60  26.78
1999120912  21.62   9.72  40.17  26.66
1999120918  22.05   9.87  40.37  26.90
1999121000  22.21   9.30  39.27  26.34
1999121006  20.95   9.06  38.73  25.70
1999121012  20.42   9.09  37.63  25.03
1999121018  20.81   9.51  37.19  24.96
1999121100  20.70   8.82  35.87  24.20
1999121106  20.37   8.72  35.26  23.79
1999121112  20.10   9.16  34.21  23.27
1999121118  20.32   9.08  34.12  23.28
1999121200  19.89   9.91  34.17  23.30
1999121206  18.95   9.06  33.11  22.40
1999121212  17.81   9.29  32.40  21.79
1999121218  16.84   8.07  32.28  21.30
1999121300  17.36   8.90  32.84  21.84
1999121306  18.21   7.59  35.60  23.27
1999121312  18.19   8.41  34.60  22.86
1999121318  18.67   8.39  34.39  22.87
1999121400  19.28   9.24  34.55  23.23
1999121406  18.85   8.58  34.53  23.02
1999121412  18.95   8.40  35.38  23.43
1999121418  20.23   8.59  36.97  24.59
1999121500  20.42   8.45  36.71  24.49
1999121506  20.42   8.40  36.65  24.47
1999121512  20.07   7.71  36.31  24.12
1999121518  20.23   8.94  37.68  24.98
1999121600  20.33   8.53  36.53  24.39
1999121606  20.74   9.28  34.59  23.65
1999121612  20.68   9.26  32.96  22.86
1999121618  20.58   9.92  33.14  23.01
1999121700  20.60   8.59  31.81  22.20
1999121706  21.62   9.25  31.34  22.39
1999121712  21.93   9.12  31.34  22.46
1999121718  23.50  10.63  33.33  24.08
1999121800  25.00   9.42  34.06  24.72
1999121806  25.13  10.18  35.38  25.45
1999121812  24.71   9.63  36.70  25.86
1999121818  24.41  10.64  37.75  26.39
1999121900  23.25  10.37  38.63  26.40
1999121906  23.26  11.17  39.64  26.98
1999121912  22.24  10.34  38.51  26.05
1999121918  22.64  11.37  36.69  25.46
1999122000  21.98  10.77  34.45  24.12
1999122006  21.98  10.47  33.70  23.74
1999122012  20.33   9.90  34.74  23.65
1999122018  20.89  11.66  37.17  25.24
1999122100  20.26  10.77  36.71  24.71
1999122106  20.93  11.32  36.26  24.76
1999122112  20.89  10.64  34.95  24.02
1999122118  22.35  12.14  35.08  24.74
1999122200  22.21  10.92  34.17  24.08
1999122206  22.20  11.77  33.64  23.96
1999122212  20.75  10.46  32.64  22.84
1999122218  20.38  10.91  33.32  23.14
1999122300  19.98  10.50  33.60  23.09
1999122306  20.02  10.21  34.78  23.62
1999122312  19.83  10.02  35.06  23.69
1999122318  21.54  10.32  35.75  24.55
1999122400  21.71  10.33  35.07  24.29
1999122406  22.78   9.72  33.98  24.02
1999122412  22.69  10.19  34.49  24.28
1999122418  23.45  10.33  35.35  24.95
1999122500  23.10  10.10  35.84  25.03
1999122506  24.48   9.96  38.54  26.71
1999122512  24.51  10.42  41.33  28.09
1999122518  25.48  10.43  42.02  28.70
1999122600  25.83  10.34  42.31  28.91
1999122606  25.85   9.82  41.90  28.65
1999122612  24.40  10.00  40.66  27.64
1999122618  23.51  10.25  39.62  26.93
1999122700  23.55  10.16  39.23  26.74
1999122706  23.14   9.98  39.03  26.51
1999122712  23.63   9.68  40.06  27.09
1999122718  23.51   9.38  39.19  26.62
1999122800  23.67   9.79  38.95  26.59
1999122806  23.26   9.72  40.28  27.12
1999122812  23.47   9.35  40.11  27.03
1999122818  22.42   9.38  38.84  26.16
1999122900  22.23   9.43  38.21  25.80
1999122906  22.27   9.50  36.74  25.10
1999122912  21.82   9.03  33.59  23.41
1999122918  21.83   9.10  31.72  22.58
1999123000  22.19   8.89  30.96  22.31
1999123006  22.42   9.04  31.48  22.66
1999123012  22.58   8.82  31.04  22.47
1999123018  23.04   9.38  31.59  22.96
1999123100  22.51   8.71  32.04  22.89
1999123106  22.34   8.94  33.78  23.67
1999123112  22.81   8.48  35.17  24.41
1999123118  23.55   8.97  36.42  25.30
2000010100  22.69   8.51  37.30  25.40
2000010106  21.86   9.04  37.87  25.50
2000010112  20.53   8.56  37.83  25.06
2000010118  20.70   8.38  38.33  25.33
2000010200  20.01   8.49  38.62  25.30
2000010206  19.59   8.29  39.67  25.69
2000010212  19.44   8.77  39.61  25.67
2000010218  20.73   8.37  40.14  26.21
2000010300  20.34   8.49  40.65  26.39
2000010306  20.80   8.90  42.12  27.29
2000010312  20.36   8.61  41.45  26.82
2000010318  20.89   8.83  40.92  26.70
2000010400  20.25   8.89  39.35  25.76
2000010406  20.36   9.28  39.37  25.85
2000010412  20.13   9.36  38.49  25.36
2000010418  20.92   9.45  38.89  25.78
2000010500  21.48   9.27  38.49  25.70
2000010506  21.62   9.93  38.61  25.90
2000010512  22.54   9.44  39.42  26.47
2000010518  23.32  10.43  40.50  27.34
2000010600  23.40   9.70  40.93  27.47
2000010606  23.43   9.23  42.22  28.05
2000010612  24.14   9.86  42.28  28.33
2000010618  23.86   9.87  41.54  27.90
2000010700  23.94   9.57  39.35  26.82
2000010706  24.15  10.03  38.30  26.43
2000010712  23.50   9.60  37.81  25.96
2000010718  23.51  10.14  37.44  25.86
2000010800  23.50   8.87  36.91  25.45
2000010806  23.50  10.03  36.19  25.28
2000010812  23.45   9.32  35.63  24.91
2000010818  23.57   9.54  35.11  24.75
2000010900  23.31   8.79  34.81  24.43
2000010906  22.39   9.28  35.14  24.37
2000010912  20.98   8.71  34.90  23.77
2000010918  21.24   9.28  34.19  23.59
2000011000  20.94   8.36  32.89  22.76
2000011006  19.69   9.19  32.41  22.29
2000011012  19.50   8.45  32.03  21.95
2000011018  19.52   8.77  32.83  22.38
2000011100  20.53   8.39  33.33  22.85
2000011106  20.50   8.65  34.60  23.50
2000011112  21.38   8.64  35.66  24.25
2000011118  22.12   8.56  35.14  24.22
2000011200  22.93   8.25  35.08  24.40
2000011206  23.32   8.56  36.01  24.99
2000011212  22.52   9.16  36.99  25.29
2000011218  21.66   9.07  38.52  25.78
2000011300  21.44   8.85  38.85  25.85
2000011306  20.50   9.19  37.89  25.16
2000011312  19.86   9.35  38.34  25.21
2000011318  20.57   9.64  38.99  25.76
2000011400  20.85   9.25  40.61  26.58
2000011406  21.45   8.78  42.69  27.73
2000011412  21.71   9.14  42.89  27.92
2000011418  22.09   8.94  42.52  27.83
2000011500  22.23   8.89  41.64  27.42
2000011506  22.28   9.02  41.65  27.46
2000011512  22.75   8.54  40.36  26.89
2000011518  23.35   7.64  40.56  27.07
2000011600  24.43   7.87  40.82  27.52
2000011606  25.10   7.93  42.23  28.41
2000011612  24.00   7.82  43.05  28.49
2000011618  22.97   8.44  43.27  28.37
2000011700  22.56   8.39  42.18  27.70
2000011706  22.78   9.09  40.97  27.22
2000011712  22.06   8.80  39.87  26.46
2000011718  21.99  10.07  39.25  26.28
2000011800  21.27   9.70  38.64  25.74
2000011806  21.20  10.41  37.30  25.17
2000011812  20.20   9.51  37.13  24.68
2000011818  20.43   9.45  37.30  24.81
2000011900  21.13   9.27  37.89  25.27
2000011906  20.89   9.54  37.83  25.22
2000011912  21.51   8.69  37.85  25.31
2000011918  23.19   8.69  37.98  25.85
2000012000  23.54   8.99  37.01  25.55
2000012006  22.93   8.47  38.58  26.07
2000012012  22.38   8.12  39.37  26.28
2000012018  22.86   7.67  38.92  26.15
2000012100  23.09   8.00  39.31  26.43
2000012106  23.66   7.90  38.96  26.43
2000012112  23.12   7.78  38.47  26.03
2000012118  22.81   7.11  39.04  26.15
2000012200  23.33   7.03  38.98  26.27
2000012206  23.59   7.33  36.40  25.14
2000012212  23.71   6.84  34.26  24.12
2000012218  23.77   7.34  32.59  23.41
2000012300  23.38   7.35  31.29  22.70
2000012306  24.22   7.47  30.59  22.68
2000012312  24.94   7.30  31.39  23.27
2000012318  25.10   8.24  34.82  24.96
2000012400  24.51   7.88  35.27  24.94
2000012406  26.12   7.86  35.08  25.38
2000012412  25.72   8.36  35.20  25.36
2000012418  26.75   8.18  36.27  26.16
2000012500  25.50   8.45  35.37  25.37
2000012506  26.16   8.04  34.77  25.27
2000012512  25.65   8.19  33.48  24.54
2000012518  26.41   7.77  33.53  24.78
2000012600  25.64   8.57  33.49  24.58
2000012606  26.43   7.73  33.87  24.92
2000012612  26.08   7.99  34.22  24.99
2000012618  26.71   7.28  35.34  25.62
2000012700  26.85   8.28  34.35  25.34
2000012706  26.92   7.70  34.49  25.36
2000012712  26.56   8.42  34.68  25.41
2000012718  26.60   8.53  34.90  25.53
2000012800  25.64   8.74  35.03  25.28
2000012806  25.26   8.74  36.64  25.88
2000012812  25.75   9.19  36.62  26.07
2000012818  25.02   8.58  36.65  25.78
2000012900  24.93   9.15  35.90  25.46
2000012906  25.55   8.95  35.20  25.32
2000012912  25.33   9.02  35.73  25.51
2000012918  26.00   8.76  35.92  25.79
2000013000  26.33   8.52  34.37  25.17
2000013006  28.02   7.82  32.99  25.08
2000013012  27.91   8.52  31.90  24.65
2000013018  28.03   8.78  31.38  24.49
2000013100  27.97   9.49  31.14  24.42
2000013106  27.80   9.96  32.91  25.17
2000013112  27.35   9.72  33.12  25.08
2000013118  26.80  10.04  33.60  25.16
2000020100  26.78   9.45  33.08  24.84
2000020106  26.18   9.52  33.39  24.78
2000020112  26.08   8.75  32.70  24.36
2000020118  25.42   9.22  34.55  25.02
2000020200  24.31   7.99  36.73  25.53
2000020206  24.85   7.92  40.12  27.31
2000020212  24.73   7.47  41.94  28.13
2000020218  25.59   7.77  44.68  29.75
2000020300  25.66   7.85  44.56  29.73
2000020306  25.22   8.03  43.76  29.22
2000020312  24.00   8.12  43.10  28.57
2000020318  24.78   8.13  42.96  28.72
2000020400  23.64   8.26  43.52  28.69
1999110100-2000020400 381  21.41   8.93  35.86  24.43
1999110100-2000020400 381  19.41   8.65  30.54  21.28
