1999110100  17.04   9.24  30.36  20.54
1999110106  16.57   7.85  28.47  19.32
1999110112  16.66   8.44  28.13  19.26
1999110118  17.39   7.85  26.49  18.62
1999110200  17.59   8.48  25.16  18.17
1999110206  17.89   7.61  25.36  18.23
1999110212  18.01   8.17  26.21  18.74
1999110218  19.20   7.52  27.90  19.81
1999110300  19.92   8.38  29.22  20.75
1999110306  20.11   7.60  30.17  21.15
1999110312  20.14   8.40  31.10  21.70
1999110318  20.01   7.85  32.38  22.20
1999110400  19.23   8.52  33.82  22.75
1999110406  19.28   8.17  35.25  23.41
1999110412  19.27   8.32  35.15  23.38
1999110418  19.23   8.15  35.22  23.39
1999110500  19.37   8.02  35.23  23.41
1999110506  20.16   8.51  34.54  23.34
1999110512  20.56   8.10  34.11  23.19
1999110518  20.78   8.45  33.65  23.08
1999110600  20.46   8.37  33.30  22.82
1999110606  20.62   9.50  32.17  22.48
1999110612  20.93   9.08  31.10  22.02
1999110618  20.81   9.06  31.09  21.99
1999110700  19.72   9.10  31.49  21.86
1999110706  19.22   9.21  32.66  22.29
1999110712  19.78   9.40  33.76  22.99
1999110718  20.64   9.83  33.77  23.30
1999110800  21.21   9.21  34.33  23.65
1999110806  23.02   9.45  34.48  24.30
1999110812  24.09   9.93  34.22  24.56
1999110818  25.01  11.14  33.58  24.76
1999110900  25.58  11.20  32.78  24.61
1999110906  25.92  11.34  32.99  24.84
1999110912  25.98  10.43  33.26  24.83
1999110918  26.85  11.27  34.45  25.77
1999111000  26.68  10.54  34.16  25.48
1999111006  25.33  10.37  33.94  24.92
1999111012  24.47   9.45  34.01  24.52
1999111018  23.32  10.09  34.04  24.26
1999111100  22.50   9.45  33.94  23.86
1999111106  21.89   9.43  34.33  23.88
1999111112  22.00   8.90  34.72  24.01
1999111118  21.89   8.65  34.76  23.97
1999111200  21.15   8.85  33.40  23.11
1999111206  22.10   8.13  30.77  22.12
1999111212  23.01   8.05  29.39  21.78
1999111218  22.76   8.30  29.46  21.76
1999111300  22.74   7.93  29.95  21.92
1999111306  23.59   7.88  29.69  22.10
1999111312  23.35   7.95  30.42  22.34
1999111318  23.93   8.78  30.65  22.76
1999111400  24.39   8.95  31.72  23.41
1999111406  23.76   8.54  30.47  22.61
1999111412  23.06   8.04  30.37  22.25
1999111418  22.39   8.14  29.83  21.81
1999111500  22.32   8.04  29.37  21.56
1999111506  22.15   8.48  27.67  20.83
1999111512  21.75   7.87  28.12  20.78
1999111518  23.16   8.71  28.65  21.63
1999111600  23.22   8.26  30.91  22.57
1999111606  23.09   8.57  31.87  23.00
1999111612  22.61   8.29  32.41  23.05
1999111618  22.83   8.92  30.75  22.45
1999111700  22.57   8.53  30.05  21.99
1999111706  23.15   8.78  29.87  22.14
1999111712  22.80   7.81  30.72  22.28
1999111718  23.35   8.61  31.81  23.07
1999111800  23.00   7.56  31.58  22.72
1999111806  22.62   7.29  32.13  22.82
1999111812  22.24   6.93  31.81  22.51
1999111818  22.10   7.34  32.03  22.61
1999111900  21.69   6.86  31.88  22.37
1999111906  20.96   6.46  31.82  22.08
1999111912  20.54   7.08  32.23  22.20
1999111918  20.76   8.52  32.35  22.51
1999112000  20.98   7.58  32.55  22.55
1999112006  20.34   7.02  32.49  22.26
1999112012  20.47   7.44  33.20  22.66
1999112018  20.06   7.97  33.16  22.58
1999112100  19.84   7.85  32.39  22.12
1999112106  20.66   8.38  32.28  22.38
1999112112  20.85   8.18  32.48  22.50
1999112118  21.37   9.05  33.23  23.14
1999112200  21.18   8.26  32.34  22.57
1999112206  21.17   9.01  32.60  22.78
1999112212  21.27   8.72  32.63  22.77
1999112218  22.57   9.49  31.36  22.71
1999112300  22.67   9.47  29.85  22.07
1999112306  23.48   9.34  29.92  22.37
1999112312  23.27   8.95  30.17  22.33
1999112318  23.31   9.10  31.04  22.77
1999112400  23.00   9.71  30.72  22.60
1999112406  22.15   9.44  31.70  22.72
1999112412  22.18   9.39  31.83  22.76
1999112418  22.40   9.21  30.13  22.05
1999112500  22.55   9.59  29.61  21.93
1999112506  23.36   9.11  30.03  22.32
1999112512  23.23   9.53  31.31  22.89
1999112518  24.12   9.37  31.39  23.21
1999112600  24.06   9.76  30.95  23.03
1999112606  25.16   9.50  30.60  23.23
1999112612  23.88  10.21  30.19  22.71
1999112618  24.01  10.27  30.18  22.77
1999112700  23.11  10.17  29.52  22.14
1999112706  23.15   9.37  29.72  22.14
1999112712  23.16   8.80  30.21  22.28
1999112718  24.11   8.79  32.46  23.60
1999112800  23.75   8.93  32.45  23.48
1999112806  23.99   9.66  31.64  23.31
1999112812  22.46   8.66  30.64  22.23
1999112818  22.38   9.28  30.95  22.44
1999112900  22.23   8.30  30.57  22.08
1999112906  22.68   9.14  30.42  22.29
1999112912  22.30   7.93  30.19  21.90
1999112918  22.59   9.01  31.23  22.62
1999113000  23.23   7.88  31.20  22.67
1999113006  23.87   8.86  30.92  22.90
1999113012  23.07   8.34  29.84  22.07
1999113018  22.90   8.42  31.38  22.73
1999120100  23.13   7.57  31.12  22.58
1999120106  23.16   7.61  33.21  23.54
1999120112  23.48   7.17  33.45  23.70
1999120118  23.28   7.57  34.77  24.30
1999120200  24.48   6.87  34.09  24.29
1999120206  25.64   7.66  33.66  24.56
1999120212  25.71   7.72  32.93  24.26
1999120218  26.11   8.93  32.81  24.47
1999120300  25.93   8.55  30.69  23.44
1999120306  24.83   9.41  29.95  22.85
1999120312  23.80   9.06  29.19  22.10
1999120318  23.56  10.04  29.14  22.14
1999120400  22.10   9.05  28.56  21.24
1999120406  21.61   9.77  29.36  21.54
1999120412  21.01   8.30  29.34  21.13
1999120418  21.61   8.63  30.65  21.97
1999120500  22.01   8.49  30.83  22.17
1999120506  22.16   9.04  32.47  23.03
1999120512  21.91   8.70  33.45  23.37
1999120518  22.90   8.72  36.62  25.16
1999120600  22.55   9.23  39.84  26.68
1999120606  22.35   9.06  39.22  26.30
1999120612  21.44   9.27  37.95  25.45
1999120618  22.66   9.92  37.58  25.70
1999120700  22.69   9.62  37.64  25.71
1999120706  22.43  10.09  37.96  25.83
1999120712  22.32  10.30  37.84  25.78
1999120718  22.37  10.83  38.23  26.06
1999120800  22.87  10.39  37.92  25.98
1999120806  22.93  10.23  36.79  25.45
1999120812  22.76  10.58  35.63  24.91
1999120818  22.65  11.37  36.00  25.17
1999120900  22.73  10.96  35.45  24.89
1999120906  23.16  10.80  36.25  25.36
1999120912  23.80  11.31  35.79  25.43
1999120918  24.04  11.65  35.71  25.53
1999121000  23.86  10.73  34.28  24.67
1999121006  23.51  10.72  34.35  24.59
1999121012  23.18  10.63  34.20  24.40
1999121018  23.46  11.28  34.73  24.83
1999121100  23.40   9.86  34.45  24.47
1999121106  23.96   9.63  34.65  24.71
1999121112  23.34  10.15  33.87  24.23
1999121118  23.42  10.12  33.62  24.14
1999121200  22.54  10.72  33.26  23.79
1999121206  21.31   9.72  32.78  23.04
1999121212  20.66  10.41  32.50  22.82
1999121218  20.87   9.22  32.61  22.76
1999121300  21.39  10.16  32.35  22.94
1999121306  21.89   9.14  33.96  23.69
1999121312  21.48   9.40  32.18  22.78
1999121318  22.08  10.00  31.98  22.95
1999121400  22.51  10.44  32.38  23.34
1999121406  22.43   9.45  32.37  23.16
1999121412  21.84   8.96  33.74  23.54
1999121418  22.84   9.48  35.92  24.94
1999121500  22.52   9.24  36.28  24.99
1999121506  22.90   9.37  36.12  25.04
1999121512  22.00   8.54  34.89  24.08
1999121518  21.87   9.38  35.17  24.28
1999121600  21.61   8.95  33.87  23.52
1999121606  22.24   9.45  33.07  23.40
1999121612  22.82   9.33  32.51  23.30
1999121618  22.95  10.18  33.21  23.79
1999121700  23.18   9.47  31.61  23.04
1999121706  23.97  10.29  29.96  22.69
1999121712  24.88   9.93  29.34  22.70
1999121718  26.45  11.04  31.64  24.40
1999121800  27.07   9.97  32.36  24.76
1999121806  27.57  10.92  33.50  25.56
1999121812  27.55  10.48  34.22  25.80
1999121818  27.45  10.93  34.84  26.11
1999121900  27.12  10.75  35.30  26.15
1999121906  27.94  11.11  35.56  26.59
1999121912  26.93  10.78  34.35  25.66
1999121918  26.98  11.69  32.39  24.99
1999122000  26.26  11.30  30.89  24.03
1999122006  26.67  11.01  31.01  24.18
1999122012  24.65  10.96  33.41  24.51
1999122018  24.54  12.42  35.47  25.63
1999122100  22.90  11.80  35.69  25.14
1999122106  23.01  12.50  36.22  25.53
1999122112  22.27  11.90  35.68  24.97
1999122118  23.23  12.88  35.97  25.55
1999122200  23.21  11.46  34.55  24.66
1999122206  23.55  11.95  34.28  24.71
1999122212  23.01  10.66  34.24  24.33
1999122218  22.77  11.63  34.79  24.68
1999122300  22.96  10.89  35.35  24.86
1999122306  23.29  10.84  36.47  25.48
1999122312  23.78   9.72  36.38  25.44
1999122318  26.05  10.58  36.79  26.46
1999122400  27.25  10.76  36.95  26.96
1999122406  29.84  10.48  35.99  27.39
1999122412  30.69  10.60  36.04  27.72
1999122418  30.33  10.88  35.39  27.36
1999122500  29.93  10.50  35.39  27.16
1999122506  29.47  10.51  35.96  27.24
1999122512  27.93  10.26  36.47  26.89
1999122518  27.38  10.07  35.58  26.28
1999122600  27.16   9.82  35.05  25.93
1999122606  27.76   9.32  34.07  25.65
1999122612  26.55   9.79  33.73  25.12
1999122618  27.57  10.52  32.69  25.15
1999122700  28.14  10.64  32.81  25.42
1999122706  28.09  10.39  31.68  24.88
1999122712  28.78  10.28  32.74  25.55
1999122718  28.10  10.13  32.34  25.12
1999122800  28.46  10.84  32.71  25.50
1999122806  29.50  10.68  33.66  26.26
1999122812  29.30  10.57  34.76  26.62
1999122818  27.62  10.73  34.19  25.83
1999122900  26.42  10.49  33.55  25.10
1999122906  26.61  10.00  32.26  24.53
1999122912  26.13   9.33  31.01  23.73
1999122918  25.76   9.06  30.44  23.34
1999123000  26.41   8.90  30.10  23.41
1999123006  27.14   8.63  30.47  23.82
1999123012  27.11   8.84  30.93  24.02
1999123018  27.69   9.69  31.14  24.44
1999123100  27.58   8.95  30.89  24.19
1999123106  28.20   9.00  31.87  24.84
1999123112  28.24   8.50  32.96  25.26
1999123118  28.73   8.93  34.69  26.25
2000010100  27.34   8.73  34.51  25.65
2000010106  26.20   9.05  33.08  24.67
2000010112  25.19   8.69  32.60  24.06
2000010118  25.32   8.75  34.31  24.86
2000010200  24.82   8.97  34.97  25.02
2000010206  25.26   8.60  36.40  25.78
2000010212  24.90   8.64  36.71  25.81
2000010218  26.29   8.28  37.07  26.36
2000010300  26.50   8.49  37.58  26.69
2000010306  27.88   9.05  38.14  27.47
2000010312  27.55   8.63  36.26  26.47
2000010318  27.99   8.70  35.71  26.38
2000010400  27.11   8.60  35.14  25.82
2000010406  27.32   9.65  35.87  26.33
2000010412  26.61   9.50  35.85  26.06
2000010418  26.84   9.20  36.57  26.44
2000010500  27.13   8.60  36.52  26.44
2000010506  27.94   9.38  35.91  26.53
2000010512  29.30   9.16  35.66  26.86
2000010518  29.90  10.09  35.96  27.31
2000010600  30.95   9.74  36.23  27.75
2000010606  30.90   9.23  38.19  28.52
2000010612  31.41   9.96  37.86  28.63
2000010618  30.96   9.85  37.57  28.34
2000010700  30.47   9.22  35.71  27.28
2000010706  30.14  10.08  35.12  27.01
2000010712  29.49   9.30  35.13  26.70
2000010718  29.21   9.91  35.59  26.87
2000010800  28.86   8.33  35.04  26.32
2000010806  28.96   9.45  33.70  25.92
2000010812  28.84   8.44  32.60  25.30
2000010818  28.96   8.79  31.58  24.98
2000010900  28.75   7.73  30.41  24.28
2000010906  28.35   8.48  31.03  24.48
2000010912  27.80   7.40  31.74  24.46
2000010918  28.41   8.43  31.23  24.60
2000011000  28.30   7.58  30.57  24.19
2000011006  26.95   8.45  30.52  23.76
2000011012  25.78   8.15  30.36  23.23
2000011018  25.42   8.11  30.20  23.03
2000011100  25.51   8.16  29.95  22.95
2000011106  25.87   8.00  30.58  23.33
2000011112  25.16   8.39  31.44  23.50
2000011118  25.34   7.78  31.10  23.34
2000011200  25.16   7.71  30.70  23.10
2000011206  25.21   7.80  31.53  23.48
2000011212  23.89   8.55  32.47  23.55
2000011218  23.78   8.17  33.21  23.80
2000011300  23.54   7.96  32.63  23.42
2000011306  24.01   8.72  32.15  23.45
2000011312  23.39   8.63  32.41  23.32
2000011318  24.26   9.18  32.88  23.89
2000011400  24.10   8.78  34.12  24.34
2000011406  24.83   8.71  35.40  25.16
2000011412  25.41   8.93  34.87  25.12
2000011418  26.42   8.68  35.02  25.51
2000011500  26.59   8.66  35.19  25.64
2000011506  26.97   8.81  35.79  26.07
2000011512  27.34   8.19  35.76  26.10
2000011518  28.17   7.51  36.39  26.62
2000011600  28.92   7.61  37.06  27.18
2000011606  28.47   7.65  38.21  27.54
2000011612  26.81   7.52  38.09  26.92
2000011618  25.43   8.25  38.32  26.65
2000011700  24.87   8.33  36.15  25.46
2000011706  23.88   8.84  33.98  24.19
2000011712  22.95   8.93  32.51  23.23
2000011718  22.35  10.12  32.67  23.27
2000011800  22.09   9.70  32.87  23.21
2000011806  22.97  10.56  31.77  23.12
2000011812  23.31  10.09  31.29  22.94
2000011818  24.47  10.00  31.29  23.31
2000011900  24.82   9.68  31.69  23.56
2000011906  23.65   9.46  30.75  22.73
2000011912  23.75   8.66  29.01  21.91
2000011918  24.94   8.90  29.26  22.47
2000012000  24.72   8.86  28.88  22.25
2000012006  24.98   8.82  29.26  22.51
2000012012  25.29   8.39  28.88  22.43
2000012018  26.27   8.11  29.07  22.84
2000012100  26.36   8.16  29.98  23.27
2000012106  26.53   8.66  30.55  23.63
2000012112  26.79   8.17  30.75  23.76
2000012118  27.58   8.05  32.01  24.57
2000012200  27.49   7.78  32.00  24.50
2000012206  26.93   7.90  30.26  23.57
2000012212  25.49   7.00  28.71  22.29
2000012218  25.46   7.41  27.49  21.81
2000012300  24.74   7.18  26.51  21.12
2000012306  26.07   7.73  25.81  21.42
2000012312  27.67   7.32  26.29  22.20
2000012318  28.50   8.77  27.64  23.23
2000012400  27.78   8.47  28.02  23.05
2000012406  28.77   8.54  28.28  23.56
2000012412  28.44   8.00  28.83  23.59
2000012418  29.24   8.66  30.15  24.50
2000012500  28.93   8.19  29.64  24.12
2000012506  29.48   8.64  29.79  24.45
2000012512  29.32   7.79  28.50  23.78
2000012518  29.66   8.06  27.84  23.70
2000012600  29.95   8.08  26.97  23.48
2000012606  29.19   8.25  27.38  23.35
2000012612  27.87   8.00  28.22  23.11
2000012618  27.50   7.83  29.55  23.48
2000012700  27.46   8.16  29.05  23.30
2000012706  27.35   8.13  29.88  23.59
2000012712  28.27   8.95  29.70  23.96
2000012718  29.31   8.97  29.35  24.23
2000012800  29.05   8.77  28.98  23.96
2000012806  27.88   8.67  30.08  23.95
2000012812  27.98   8.74  29.04  23.55
2000012818  25.66   8.84  28.36  22.40
2000012900  25.02   9.32  28.11  22.10
2000012906  24.85   8.67  28.03  21.94
2000012912  25.08   8.41  28.63  22.24
2000012918  26.13   8.27  29.07  22.81
2000013000  27.39   7.49  29.09  23.21
2000013006  29.35   7.56  30.05  24.36
2000013012  30.25   7.99  30.88  25.08
2000013018  30.22   8.33  31.18  25.22
2000013100  30.26   8.95  30.89  25.16
2000013106  30.38   9.44  31.74  25.61
2000013112  30.55   9.19  32.57  25.99
2000013118  30.21  10.10  33.26  26.27
2000020100  30.41   9.43  32.56  25.97
2000020106  29.85   9.69  32.05  25.58
2000020112  29.22   9.09  30.32  24.56
2000020118  29.23  10.04  30.80  24.88
2000020200  28.58   9.50  32.11  25.11
2000020206  28.64   9.26  34.41  26.08
2000020212  27.93   9.39  36.14  26.63
2000020218  27.69   9.87  38.85  27.83
2000020300  26.69   9.64  39.56  27.82
2000020306  27.56   9.92  39.70  28.18
2000020312  27.57  10.09  39.61  28.17
2000020318  28.56  10.21  39.77  28.58
2000020400  27.55   9.47  39.14  27.88
1999110100-2000020400 381  24.70   9.13  32.63  24.00
1999110100-2000020400 381  16.15   7.72  27.16  18.61
