201612091324 ncycles=48 1999090100 00:02:00
201612091859 ncycles=48 1999091300 05:29:43
201612100022 ncycles=48 1999092500 05:21:18
201612100535 ncycles=48 1999100700 05:11:09
201612110114 ncycles=48 1999101106 01:56:00
201612110610 ncycles=48 1999102306 04:53:58
201612111337 ncycles=48 1999110406 06:01:50
201612111926 ncycles=48 1999111606 05:47:09
201612120119 ncycles=48 1999112806 05:51:04
201612120708 ncycles=48 1999121006 05:46:59
201612121254 ncycles=48 1999122206 05:42:47
201612121833 ncycles=48 2000010306 05:37:26
201612130046 ncycles=48 2000011506 06:11:10
201612130729 ncycles=48 2000012706 06:41:07
201612131404 ncycles=48 2000020806 06:30:18
201612131957 ncycles=48 2000022006 05:50:57
201612140133 ncycles=48 2000030306 05:34:43
201612140726 ncycles=48 2000031506 05:50:27
201612141449 ncycles=48 2000032706 07:21:04
201612142107 ncycles=48 2000040806 06:15:30
201612150311 ncycles=48 2000042006 06:02:02
201612151033 ncycles=48 2000050206 07:20:00
201612171017 ncycles=48 2000051400 08:00:23
201612171603 ncycles=48 2000052600 05:44:20
201612172237 ncycles=48 2000060700 06:31:27
201612181136 ncycles=48 2000060700 08:00:02
201612181737 ncycles=48 2000061900 05:58:46
201612190045 ncycles=48 2000070100 06:43:59
201612190753 ncycles=48 2000071300 07:05:39
201612191454 ncycles=48 2000072500 06:56:01
201612192144 ncycles=48 2000080600 06:47:44
201612200345 ncycles=48 2000081800 05:58:51
201612201027 ncycles=48 2000083000 06:41:29
201612202041 ncycles=48 2000091100 07:19:31
201612211054 ncycles=48 2000092300 06:33:34
201612231131 ncycles=48 2000100500 07:01:26
201612301451 ncycles=48 2000101700 05:11:43
201612310119 ncycles=48 2000102900 05:27:15
201612311042 ncycles=48 2000111000 05:41:13
201701010012 ncycles=48 2000112200 05:05:17
201701010602 ncycles=48 2000120400 05:47:00
201701011207 ncycles=48 2000121600 06:03:42
201701011813 ncycles=48 2000122800 06:04:39
201701020021 ncycles=48 2001010900 06:05:26
201701020628 ncycles=48 2001012100 06:05:16
201701021435 ncycles=48 2001020200 07:02:47
201701022010 ncycles=48 2001021400 05:33:29
201701030220 ncycles=48 2001022600 06:08:16
201701030731 ncycles=48 2001031000 05:08:45
201701031441 ncycles=48 2001032200 05:33:38
201701032023 ncycles=48 2001040300 05:39:43
201701040215 ncycles=48 2001041500 05:49:46
201701040823 ncycles=48 2001042700 06:03:43
201701041749 ncycles=48 2001050900 05:22:59
201701050037 ncycles=48 2001052100 06:46:21
201701050648 ncycles=48 2001060200 06:08:31
201701051740 ncycles=48 2001061400 05:24:52
201701060041 ncycles=48 2001062600 06:59:13
201701060656 ncycles=48 2001070800 06:12:13
201701061337 ncycles=48 2001072000 06:38:38
201701062040 ncycles=48 2001080100 06:50:27
201701070242 ncycles=48 2001081300 06:00:25
201701070856 ncycles=48 2001082500 06:11:48
201701071525 ncycles=48 2001090600 06:27:42
201701072128 ncycles=48 2001091800 06:00:25
201701080322 ncycles=48 2001093000 05:51:00
201701080856 ncycles=48 2001101200 05:32:01
201701081804 ncycles=48 2001102400 06:58:25
201701090024 ncycles=48 2001110500 05:40:30
201701090616 ncycles=48 2001111700 05:50:08
201701091225 ncycles=48 2001112900 06:07:36
201701091827 ncycles=48 2001121100 05:59:46
201701100946 ncycles=48 2001122300 05:58:09
201701101549 ncycles=48 2002010400 06:00:34
201701130715 ncycles=48 2002011600 06:45:01
201701141748 ncycles=48 2002012800 05:32:20
201701150901 ncycles=48 2002020900 05:49:10
201701151535 ncycles=48 2002022100 04:55:54
201701160409 ncycles=48 2002030500 05:03:01
201701160911 ncycles=48 2002031700 05:00:58
201701161526 ncycles=48 2002032900 05:29:46
201701162023 ncycles=48 2002041000 04:55:47
201701171811 ncycles=48 2002042200 05:07:19
201701180123 ncycles=48 2002050400 04:56:05
201701180632 ncycles=48 2002051600 05:06:49
