5768617 LF 201707081759 ncycles=1 1915081006 RunTime=00:09:52 80 65 4 32 8 2 3
5769094 LF 201707081945 ncycles=1 1915081012 RunTime=00:09:35 80 65 4 32 8 2 3
5769475 LF 201707082107 ncycles=1 1915081018 RunTime=00:10:13 80 65 4 32 8 2 3
5769507 LF 201707082117 ncycles=1 1915081100 RunTime=00:09:19 80 65 4 32 8 2 3
5769574 LF 201707082137 ncycles=1 1915081106 RunTime=00:09:55 80 65 4 32 8 2 3
5769576 LF 201707082332 ncycles=12 1915081406 RunTime=01:53:58 80 65 4 32 8 2 3
5769577 LF 201707090127 ncycles=12 1915081706 RunTime=01:54:41 80 65 4 32 8 2 3
5769578 LF 201707090324 ncycles=12 1915082006 RunTime=01:55:32 80 65 4 32 8 2 3
5769580 LF 201707090518 ncycles=12 1915082306 RunTime=01:53:26 80 65 4 32 8 2 3
5769582 LF 201707090714 ncycles=12 1915082606 RunTime=01:54:32 80 65 4 32 8 2 3
5769585 LF 201707090922 ncycles=12 1915082906 RunTime=01:56:27 80 65 4 32 8 2 3
5769589 LF 201707091122 ncycles=12 1915090106 RunTime=01:59:06 80 65 4 32 8 2 3
5769591 LF 201707091317 ncycles=12 1915090406 RunTime=01:53:40 80 65 4 32 8 2 3
5769592 LF 201707091515 ncycles=12 1915090706 RunTime=01:56:55 80 65 4 32 8 2 3
5780981 LF 201707091552 ncycles=1 1915090106 RunTime=00:09:27 80 65 4 32 8 1 2
5782074 LF 201707091620 ncycles=1 1915090112 RunTime=00:09:29 80 65 4 32 8 1 2
5783291 LF 201707091658 ncycles=1 1915090118 RunTime=00:09:16 80 65 4 32 8 1 2
5783709 LF 201707091714 ncycles=1 1915090200 RunTime=00:09:18 80 65 4 32 8 1 2
5784185 LF 201707091733 ncycles=1 1915090206 RunTime=00:09:17 80 65 4 32 8 1 2
5785238 LF 201707091815 ncycles=1 1915090306 RunTime=00:08:50 80 65 4 32 8 1 2
5785415 LF 201707091841 ncycles=1 1915090312 RunTime=00:08:49 80 65 4 32 8 1 2
5785735 LF 201707091939 ncycles=1 1915090318 RunTime=00:09:02 80 65 4 32 8 1 2
5785838 LF 201707091949 ncycles=1 1915090400 RunTime=00:08:57 80 65 4 32 8 1 2
5785950 LF 201707092031 ncycles=1 1915090406 RunTime=00:09:28 80 65 4 32 8 1 2
5786177 LF 201707092042 ncycles=1 1915090412 RunTime=00:09:32 80 65 4 32 8 1 2
5791933 DW 201707100843 ncycles=2 1915081018 RunTime=00:19:32 80 65 4 32 8 2 3
5792071 DW 201707100911 ncycles=2 1915081106 RunTime=00:20:04 80 65 4 32 8 2 3
5792309 DW 201707101137 ncycles=2 1915081118 RunTime=00:19:30 80 65 4 32 8 2 3
5793534 DW 201707101226 ncycles=2 1915081206 RunTime=00:18:23 80 65 4 32 8 2 3
5795993 DW 201707101838 ncycles=2 1915081218 RunTime=00:18:39 80 65 4 32 8 2 3
5877648 DW 201707151808 ncycles=8 1915082606 RunTime=01:02:10 80 65 4 32 8 2 3
5878804 DW 201707152021 ncycles=8 1915082806 RunTime=01:04:01 80 64 4 32 8 2 3
5952249 DW 201707191013 ncycles=8 1915083006 RunTime=01:03:47 80 64 4 32 8 2 3
5958451 DW 201707191851 ncycles=8 1915090106 RunTime=01:29:53 80 64 4 32 8 2 3
5959666 DW 201707192113 ncycles=8 1915090306 RunTime=01:04:28 80 64 4 32 8 2 3
6073776 DW 201707281612 ncycles=1 1915082112 RunTime=00:10:01 80 64 4 32 8 2 3
6074139 DW 201707281639 ncycles=1 1915082118 RunTime=00:09:18 80 64 4 32 8 2 3
6134965 DW 201708010950 ncycles=8 1915082318 RunTime=01:18:04 80 64 4 32 8 2 3
6138768 DW 201708011324 ncycles=8 1915082518 RunTime=01:10:19 80 64 4 32 8 2 3
6195788 DW 201708041047 ncycles=8 1915082818 RunTime=01:04:28 80 64 4 32 8 2 3
